12:40:18.583  [INFO ] e.v.w.MainApp   msg: Bootstrapping the application...
12:40:18.807  [INFO ] e.v.w.m.SimLogicWave msg: scaling is not set, setting to 1 by default
12:40:18.808  [INFO ] e.v.w.m.ConwayGameOfLifeLogic msg: scaling is not set, setting to 1 by default
12:40:18.817  [INFO ] e.v.w.m.SimBriansBrain msg: scaling is not set, setting to 1 by default
12:40:18.817  [INFO ] e.v.w.m.SimRPC  msg: scaling is not set, setting to 1 by default
12:40:18.818  [INFO ] e.v.w.m.SimBriansBrain msg: scaling is not set, setting to 1 by default
12:40:18.819  [INFO ] e.v.w.m.SimForestFire msg: scaling is not set, setting to 1 by default
12:41:29.637  [INFO ] e.v.w.MainApp   msg: Bootstrapping the application...
12:41:29.864  [INFO ] e.v.w.m.SimLogicWave msg: scaling is not set, setting to 1 by default
12:41:29.865  [INFO ] e.v.w.m.ConwayGameOfLifeLogic msg: scaling is not set, setting to 1 by default
12:41:29.873  [INFO ] e.v.w.m.SimBriansBrain msg: scaling is not set, setting to 1 by default
12:41:29.874  [INFO ] e.v.w.m.SimRPC  msg: scaling is not set, setting to 1 by default
12:41:29.874  [INFO ] e.v.w.m.SimBriansBrain msg: scaling is not set, setting to 1 by default
12:41:29.875  [INFO ] e.v.w.m.SimForestFire msg: scaling is not set, setting to 1 by default
12:45:30.596  [INFO ] e.v.w.MainApp   msg: Bootstrapping the application...
12:45:30.828  [INFO ] e.v.w.m.SimLogicWave msg: scaling is not set, setting to 1 by default
12:45:30.829  [INFO ] e.v.w.m.ConwayGameOfLifeLogic msg: scaling is not set, setting to 1 by default
12:45:30.835  [INFO ] e.v.w.m.SimBriansBrain msg: scaling is not set, setting to 1 by default
12:45:30.836  [INFO ] e.v.w.m.SimRPC  msg: scaling is not set, setting to 1 by default
12:45:30.837  [INFO ] e.v.w.m.SimBriansBrain msg: scaling is not set, setting to 1 by default
12:45:30.838  [INFO ] e.v.w.m.SimForestFire msg: scaling is not set, setting to 1 by default
12:55:50.247  [INFO ] e.v.w.MainApp   msg: Bootstrapping the application...
12:55:50.510  [INFO ] e.v.w.m.SimLogicWave msg: scaling is not set, setting to 1 by default
12:55:50.513  [INFO ] e.v.w.m.ConwayGameOfLifeLogic msg: scaling is not set, setting to 1 by default
12:55:50.523  [INFO ] e.v.w.m.SimBriansBrain msg: scaling is not set, setting to 1 by default
12:55:50.524  [INFO ] e.v.w.m.SimRPC  msg: scaling is not set, setting to 1 by default
12:55:50.525  [INFO ] e.v.w.m.SimBriansBrain msg: scaling is not set, setting to 1 by default
12:55:50.526  [INFO ] e.v.w.m.SimForestFire msg: scaling is not set, setting to 1 by default
12:56:55.289  [INFO ] e.v.w.MainApp   msg: Bootstrapping the application...
12:56:55.532  [INFO ] e.v.w.m.SimLogicWave msg: scaling is not set, setting to 1 by default
12:56:55.532  [INFO ] e.v.w.m.ConwayGameOfLifeLogic msg: scaling is not set, setting to 1 by default
12:56:55.540  [INFO ] e.v.w.m.SimBriansBrain msg: scaling is not set, setting to 1 by default
12:56:55.541  [INFO ] e.v.w.m.SimRPC  msg: scaling is not set, setting to 1 by default
12:56:55.542  [INFO ] e.v.w.m.SimBriansBrain msg: scaling is not set, setting to 1 by default
12:56:55.543  [INFO ] e.v.w.m.SimForestFire msg: scaling is not set, setting to 1 by default
12:57:25.060  [INFO ] e.v.w.MainApp   msg: Bootstrapping the application...
12:57:25.319  [INFO ] e.v.w.m.SimLogicWave msg: scaling is not set, setting to 1 by default
12:57:25.320  [INFO ] e.v.w.m.ConwayGameOfLifeLogic msg: scaling is not set, setting to 1 by default
12:57:25.327  [INFO ] e.v.w.m.SimBriansBrain msg: scaling is not set, setting to 1 by default
12:57:25.328  [INFO ] e.v.w.m.SimRPC  msg: scaling is not set, setting to 1 by default
12:57:25.329  [INFO ] e.v.w.m.SimBriansBrain msg: scaling is not set, setting to 1 by default
12:57:25.331  [INFO ] e.v.w.m.SimForestFire msg: scaling is not set, setting to 1 by default
12:58:09.103  [INFO ] e.v.w.MainApp   msg: Bootstrapping the application...
12:58:09.320  [INFO ] e.v.w.m.SimLogicWave msg: scaling is not set, setting to 1 by default
12:58:09.321  [INFO ] e.v.w.m.ConwayGameOfLifeLogic msg: scaling is not set, setting to 1 by default
12:58:09.328  [INFO ] e.v.w.m.SimBriansBrain msg: scaling is not set, setting to 1 by default
12:58:09.329  [INFO ] e.v.w.m.SimRPC  msg: scaling is not set, setting to 1 by default
12:58:09.330  [INFO ] e.v.w.m.SimBriansBrain msg: scaling is not set, setting to 1 by default
12:58:09.332  [INFO ] e.v.w.m.SimForestFire msg: scaling is not set, setting to 1 by default
13:11:43.622  [INFO ] e.v.w.MainApp   msg: Bootstrapping the application...
13:11:43.841  [INFO ] e.v.w.m.SimLogicWave msg: scaling is not set, setting to 1 by default
13:11:43.842  [INFO ] e.v.w.m.ConwayGameOfLifeLogic msg: scaling is not set, setting to 1 by default
13:11:43.850  [INFO ] e.v.w.m.SimBriansBrain msg: scaling is not set, setting to 1 by default
13:11:43.851  [INFO ] e.v.w.m.SimRPC  msg: scaling is not set, setting to 1 by default
13:11:43.851  [INFO ] e.v.w.m.SimBriansBrain msg: scaling is not set, setting to 1 by default
13:11:43.853  [INFO ] e.v.w.m.SimForestFire msg: scaling is not set, setting to 1 by default
13:12:48.135  [INFO ] e.v.w.MainApp   msg: Bootstrapping the application...
13:12:48.353  [INFO ] e.v.w.m.SimLogicWave msg: scaling is not set, setting to 1 by default
13:12:48.354  [INFO ] e.v.w.m.ConwayGameOfLifeLogic msg: scaling is not set, setting to 1 by default
13:12:48.362  [INFO ] e.v.w.m.SimBriansBrain msg: scaling is not set, setting to 1 by default
13:12:48.362  [INFO ] e.v.w.m.SimRPC  msg: scaling is not set, setting to 1 by default
13:12:48.363  [INFO ] e.v.w.m.SimBriansBrain msg: scaling is not set, setting to 1 by default
13:12:48.364  [INFO ] e.v.w.m.SimForestFire msg: scaling is not set, setting to 1 by default
